app/build/intermediates/manifest_merge_blame_file/debug/manifest-merger-blame-debug-report.txt
1<?xml version="1.0" encoding="utf-8"?>
2<manifest xmlns:android="http://schemas.android.com/apk/res/android"
3    package="com.runtimeterror.aild"
4    android:versionCode="1"
5    android:versionName="1.0" >
6
7    <uses-sdk
8        android:minSdkVersion="21"
8-->src/main/AndroidManifest.xml
9        android:targetSdkVersion="30" />
9-->src/main/AndroidManifest.xml
10
11    <uses-permission android:name="android.permission.RECEIVE_BOOT_COMPLETED" />
11-->src/main/AndroidManifest.xml:6:5-81
11-->src/main/AndroidManifest.xml:6:22-78
12    <uses-permission android:name="android.permission.FOREGROUND_SERVICE" />
12-->src/main/AndroidManifest.xml:7:5-77
12-->src/main/AndroidManifest.xml:7:22-74
13    <uses-permission android:name="android.permission.VIBRATE" />
13-->src/main/AndroidManifest.xml:8:5-66
13-->src/main/AndroidManifest.xml:8:22-63
14
15    <application
15-->src/main/AndroidManifest.xml:10:5-38:19
16        android:name="com.runtimeterror.aild.AILDApplication"
16-->src/main/AndroidManifest.xml:11:9-40
17        android:allowBackup="true"
17-->src/main/AndroidManifest.xml:12:9-35
18        android:appComponentFactory="androidx.core.app.CoreComponentFactory"
18-->[androidx.core:core:1.3.2] AndroidManifest.xml:24:18-86
19        android:debuggable="true"
20        android:icon="@mipmap/ic_launcher"
20-->src/main/AndroidManifest.xml:13:9-43
21        android:label="@string/app_name"
21-->src/main/AndroidManifest.xml:14:9-41
22        android:roundIcon="@mipmap/ic_launcher_round"
22-->src/main/AndroidManifest.xml:15:9-54
23        android:supportsRtl="true"
23-->src/main/AndroidManifest.xml:16:9-35
24        android:theme="@style/Theme.AILD" >
24-->src/main/AndroidManifest.xml:17:9-42
25        <activity android:name="com.runtimeterror.aild.activities.MainActivity" >
25-->src/main/AndroidManifest.xml:18:9-24:20
25-->src/main/AndroidManifest.xml:18:19-58
26            <intent-filter>
26-->src/main/AndroidManifest.xml:19:13-23:29
27                <action android:name="android.intent.action.MAIN" />
27-->src/main/AndroidManifest.xml:20:17-69
27-->src/main/AndroidManifest.xml:20:25-66
28
29                <category android:name="android.intent.category.LAUNCHER" />
29-->src/main/AndroidManifest.xml:22:17-77
29-->src/main/AndroidManifest.xml:22:27-74
30            </intent-filter>
31        </activity>
32        <activity android:name="com.runtimeterror.aild.activities.RingActivity" />
32-->src/main/AndroidManifest.xml:25:9-60
32-->src/main/AndroidManifest.xml:25:19-58
33
34        <service android:name="com.runtimeterror.aild.service.AlarmService" />
34-->src/main/AndroidManifest.xml:26:9-56
34-->src/main/AndroidManifest.xml:26:18-54
35        <service android:name="com.runtimeterror.aild.service.RescheduleAlarmService" />
35-->src/main/AndroidManifest.xml:27:9-66
35-->src/main/AndroidManifest.xml:27:18-64
36
37        <receiver
37-->src/main/AndroidManifest.xml:28:9-37:20
38            android:name="com.runtimeterror.aild.recievers.AlarmBroadCastReciever"
38-->src/main/AndroidManifest.xml:28:19-67
39            android:directBootAware="true"
39-->src/main/AndroidManifest.xml:31:13-43
40            android:enabled="true"
40-->src/main/AndroidManifest.xml:30:13-35
41            android:exported="true" >
41-->src/main/AndroidManifest.xml:29:13-36
42            <intent-filter>
42-->src/main/AndroidManifest.xml:33:13-36:29
43                <action android:name="android.intent.action.BOOT_COMPLETED" />
43-->src/main/AndroidManifest.xml:34:17-78
43-->src/main/AndroidManifest.xml:34:25-76
44                <action android:name="android.intent.action.LOCKED_BOOT_COMPLETED" />
44-->src/main/AndroidManifest.xml:35:17-85
44-->src/main/AndroidManifest.xml:35:25-83
45            </intent-filter>
46        </receiver>
47
48        <service
48-->[androidx.room:room-runtime:2.2.6] AndroidManifest.xml:25:9-28:40
49            android:name="androidx.room.MultiInstanceInvalidationService"
49-->[androidx.room:room-runtime:2.2.6] AndroidManifest.xml:26:13-74
50            android:directBootAware="true"
50-->[androidx.room:room-runtime:2.2.6] AndroidManifest.xml:27:13-43
51            android:exported="false" />
51-->[androidx.room:room-runtime:2.2.6] AndroidManifest.xml:28:13-37
52    </application>
53
54</manifest>